<?xml version="1.0" encoding="UTF-8"?>
<!-- Generated by org.testng.reporters.JUnitReportReporter -->
<testsuite hostname="DESKTOP-1IHFUVG" failures="0" tests="1" name="testsuites.TestCase1" time="23.009" errors="1" timestamp="2020-03-02T00:44:50 PST" skipped="0">
  <testcase classname="testsuites.TestCase1" name="testMethod1" time="23.009">
    <error message="class com.sun.proxy.$Proxy16 cannot be cast to class org.openqa.selenium.By (com.sun.proxy.$Proxy16 and org.openqa.selenium.By are in unnamed module of loader &#039;app&#039;)" type="java.lang.ClassCastException">
      <![CDATA[java.lang.ClassCastException: class com.sun.proxy.$Proxy16 cannot be cast to class org.openqa.selenium.By (com.sun.proxy.$Proxy16 and org.openqa.selenium.By are in unnamed module of loader 'app')
at helper.SeleniumUtilities$1.apply(SeleniumUtilities.java:62)
at helper.SeleniumUtilities$1.apply(SeleniumUtilities.java:1)
at org.openqa.selenium.support.ui.FluentWait.until(FluentWait.java:249)
at helper.SeleniumUtilities.fluentWait(SeleniumUtilities.java:60)
at pagefactory.SpacePage.clickCreateSpaceNextButton(SpacePage.java:70)
at pagefactory.SpacePage.createSpace(SpacePage.java:92)
at testsuites.TestCase1.testMethod1(TestCase1.java:43)
at java.base/jdk.internal.reflect.NativeMethodAccessorImpl.invoke0(Native Method)
at java.base/jdk.internal.reflect.NativeMethodAccessorImpl.invoke(NativeMethodAccessorImpl.java:62)
at java.base/jdk.internal.reflect.DelegatingMethodAccessorImpl.invoke(DelegatingMethodAccessorImpl.java:43)
at java.base/java.lang.reflect.Method.invoke(Method.java:567)
at org.testng.internal.MethodInvocationHelper.invokeMethod(MethodInvocationHelper.java:133)
at org.testng.internal.TestInvoker.invokeMethod(TestInvoker.java:584)
at org.testng.internal.TestInvoker.invokeTestMethod(TestInvoker.java:172)
at org.testng.internal.MethodRunner.runInSequence(MethodRunner.java:46)
at org.testng.internal.TestInvoker$MethodInvocationAgent.invoke(TestInvoker.java:804)
at org.testng.internal.TestInvoker.invokeTestMethods(TestInvoker.java:145)
at org.testng.internal.TestMethodWorker.invokeTestMethods(TestMethodWorker.java:146)
at org.testng.internal.TestMethodWorker.run(TestMethodWorker.java:128)
at java.base/java.util.ArrayList.forEach(ArrayList.java:1540)
at org.testng.TestRunner.privateRun(TestRunner.java:770)
at org.testng.TestRunner.run(TestRunner.java:591)
at org.testng.SuiteRunner.runTest(SuiteRunner.java:402)
at org.testng.SuiteRunner.runSequentially(SuiteRunner.java:396)
at org.testng.SuiteRunner.privateRun(SuiteRunner.java:355)
at org.testng.SuiteRunner.run(SuiteRunner.java:304)
at org.testng.SuiteRunnerWorker.runSuite(SuiteRunnerWorker.java:53)
at org.testng.SuiteRunnerWorker.run(SuiteRunnerWorker.java:96)
at org.testng.TestNG.runSuitesSequentially(TestNG.java:1180)
at org.testng.TestNG.runSuitesLocally(TestNG.java:1102)
at org.testng.TestNG.runSuites(TestNG.java:1032)
at org.testng.TestNG.run(TestNG.java:1000)
at org.testng.remote.AbstractRemoteTestNG.run(AbstractRemoteTestNG.java:115)
at org.testng.remote.RemoteTestNG.initAndRun(RemoteTestNG.java:251)
at org.testng.remote.RemoteTestNG.main(RemoteTestNG.java:77)
]]>
    </error>
  </testcase> <!-- testMethod1 -->
</testsuite> <!-- testsuites.TestCase1 -->
