<?xml version="1.0" encoding="UTF-8"?>
<!-- Generated by org.testng.reporters.JUnitXMLReporter -->
<testsuite hostname="NOCQA-2011" ignored="0" name="Test" tests="1" failures="1" timestamp="2020-03-03T19:20:49 SGT" time="36.335" errors="0">
  <testcase name="testMethod1" time="21.566" classname="testsuites.TestCase1">
    <failure type="java.lang.AssertionError" message="did not expect to find [true] but found [false]">
      <![CDATA[java.lang.AssertionError: did not expect to find [true] but found [false]
at pagefactory.SpacePage.createSpace(SpacePage.java:139)
at testsuites.TestCase1.testMethod1(TestCase1.java:43)
at java.util.ArrayList.forEach(Unknown Source)
... Removed 31 stack frames]]>
    </failure>
  </testcase> <!-- testMethod1 -->
</testsuite> <!-- Test -->
